<?xml version="1.0" encoding="UTF-8"?>
<testng-results ignored="0" total="1" passed="1" failed="0" skipped="0">
  <reporter-output>
  </reporter-output>
  <suite started-at="2024-08-29T10:48:44Z" name="Default suite" finished-at="2024-08-29T10:48:46Z" duration-ms="2551">
    <groups>
    </groups>
    <test started-at="2024-08-29T10:48:44Z" name="Default test" finished-at="2024-08-29T10:48:46Z" duration-ms="2551">
      <class name="request.CRUD_Operation">
        <test-method signature="GetRequest()[pri:0, instance:request.CRUD_Operation@600b9d27]" started-at="2024-08-29T10:48:44Z" name="GetRequest" finished-at="2024-08-29T10:48:46Z" duration-ms="2510" status="PASS">
          <reporter-output>
          </reporter-output>
        </test-method> <!-- GetRequest -->
      </class> <!-- request.CRUD_Operation -->
    </test> <!-- Default test -->
  </suite> <!-- Default suite -->
</testng-results>
